

Microchip Technology PIC Macro Assembler V1.33 build 59893 
                                                                                                           Sat May 25 00:03:15 2024


     1                           
     2                           	; Microchip MPLAB XC8 C Compiler V1.33
     3                           	; Copyright (C) 1984-2014 HI-TECH Software
     4                           
     5                           	; Auto-generated runtime startup code for final link stage.
     6                           
     7                           	;
     8                           	; Compiler options:
     9                           	;
    10                           	; -oAlin_Ceballos_Francis_Gere_Ratificar_DP.cof \
    11                           	; -mAlin_Ceballos_Francis_Gere_Ratificar_DP.map --summary=default \
    12                           	; --output=default Alin_Ceballos_Francis_Gere_Ratificar_DP.p1 \
    13                           	; --chip=16F877A -P --runtime=default --opt=default -N-1 -D__DEBUG=1 -g \
    14                           	; --asmlist --errformat=Error   [%n] %f; %l.%c %s \
    15                           	; --msgformat=Advisory[%n] %s --warnformat=Warning [%n] %f; %l.%c %s
    16                           	;
    17                           
    18                           
    19                           	processor	16F877A
    20                           
    21                           	global	_main,start,reset_vec
    22                           	fnroot	_main
    23                           	psect	config,class=CONFIG,delta=2,noexec
    24                           	psect	idloc,class=IDLOC,delta=2,noexec
    25                           	psect	code,class=CODE,delta=2
    26                           	psect	powerup,class=CODE,delta=2
    27                           	psect	reset_vec,class=CODE,delta=2
    28                           	psect	maintext,class=CODE,delta=2
    29  0000                     	Z	set	2
    30  0002                     	PCL	set	2
    31  0002                     	INDF	set	0
    32  0000                     
    33                           	STATUS	equ	3
    34  0003                     	PCLATH	equ	0Ah
    35  000A                     
    36                           	psect	eeprom_data,class=EEDATA,delta=2,space=3,noexec
    37                           	psect	intentry,class=CODE,delta=2
    38                           	psect	functab,class=CODE,delta=2
    39                           	global	intlevel0,intlevel1,intlevel2, intlevel3, intlevel4, intlevel5
    40                           intlevel0:
    41  0000                     intlevel1:
    42  0000                     intlevel2:
    43  0000                     intlevel3:
    44  0000                     intlevel4:
    45  0000                     intlevel5:
    46  0000                     	psect	init,class=CODE,delta=2
    47                           	psect	cinit,class=CODE,delta=2
    48                           	psect	text,class=CODE,delta=2
    49                           	psect	end_init,class=CODE,delta=2
    50                           	psect	clrtext,class=CODE,delta=2
    51                           	FSR	set	4
    52  0004                     	psect	strings,class=CODE,delta=2,reloc=256
    53                           
    54                           	global stacklo, stackhi
    55                           	stacklo	equ	0
    56  0000                     	stackhi	equ	0
    57  0000                     
    58                           
    59                           	psect	stack,class=STACK,space=2,noexec
    60                           	global ___sp,___int_sp
    61                           	___sp:
    62  0000                     	___int_sp:
    63  0000                     	psect	reset_vec
    64                           reset_vec:
    65  0000                     	; No powerup routine
    66                           	global start
    67                           
    68                           ; jump to start
    69                           	goto	start & 0x7FF | (reset_vec & not 0x7FF)
    70  0000  120A  118A  2812   
    71                           
    72                           
    73                           	psect	init
    74                           start
    75  0012                     	psect	end_init
    76                           	global start_initialization
    77                           	ljmp start_initialization	;jump to C runtime clear & initialization
    78  0012  120A  118A  2815   
    79                           ; Config register CONFIG @ 0x2007
    80                           ;	Watchdog Timer Enable bit
    81                           ;	WDTE = OFF, WDT disabled
    82                           ;	Power-up Timer Enable bit
    83                           ;	PWRTE = ON, PWRT enabled
    84                           ;	Flash Program Memory Code Protection bit
    85                           ;	CP = OFF, Code protection off
    86                           ;	Brown-out Reset Enable bit
    87                           ;	BOREN = ON, BOR enabled
    88                           ;	In-Circuit Debugger Mode bit
    89                           ;	DEBUG = 0x1, unprogrammed default
    90                           ;	Low-Voltage (Single-Supply) In-Circuit Serial Programming Enable bit
    91                           ;	LVP = OFF, RB3 is digital I/O, HV on MCLR must be used for programming
    92                           ;	Data EEPROM Memory Code Protection bit
    93                           ;	CPD = OFF, Data EEPROM code protection off
    94                           ;	Flash Program Memory Write Enable bits
    95                           ;	WRT = OFF, Write protection off; all program memory may be written to by EECON control
    96                           ;	Oscillator Selection bits
    97                           ;	FOSC = XT, XT oscillator
    98                           
    99                           	psect	config
   100                           		org 0x0
   101  2007                     		dw 0xFF71
   102  2007  FF71               


Microchip Technology PIC Macro Assembler V1.33 build 59893 
Symbol Table                                                                                               Sat May 25 00:03:15 2024

               ___sp 0000                 _main 0D5A                 start 0012               stackhi 0000  
             stacklo 0000  start_initialization 0015             ___int_sp 0000             intlevel0 0000  
           intlevel1 0000             intlevel2 0000             intlevel3 0000             intlevel4 0000  
           intlevel5 0000             reset_vec 0000  
